<?xml version="1.0" encoding="UTF-8"?>
<!-- Generated by org.testng.reporters.JUnitReportReporter -->
<testsuite skipped="0" hostname="LAPTOP-VAG2MB3P" name="com.mavenproject.First" tests="1" failures="0" timestamp="19 May 2022 05:31:50 GMT" time="0.015" errors="0">
  <testcase name="test1" time="0.015" classname="com.mavenproject.First"/>
</testsuite> <!-- com.mavenproject.First -->
